<?xml version="1.0" encoding="UTF-8"?>
<testng-results skipped="0" failed="0" ignored="0" total="1" passed="1">
  <reporter-output>
  </reporter-output>
  <suite name="Sovats" duration-ms="62377" started-at="2020-03-17T23:26:35 AMT" finished-at="2020-03-17T23:27:37 AMT">
    <groups>
    </groups>
    <test name="Login Page" duration-ms="62377" started-at="2020-03-17T23:26:35 AMT" finished-at="2020-03-17T23:27:37 AMT">
      <class name="am.sovats.pages.login.test.SovatsLoginPageTest">
        <test-method status="PASS" signature="prepareEnv()[pri:0, instance:am.sovats.pages.login.test.SovatsLoginPageTest@13deb50e]" name="prepareEnv" is-config="true" duration-ms="53835" started-at="2020-03-17T23:26:35 AMT" finished-at="2020-03-17T23:27:28 AMT">
          <reporter-output>
          </reporter-output>
        </test-method> <!-- prepareEnv -->
        <test-method status="PASS" signature="LoginTestPositive()[pri:0, instance:am.sovats.pages.login.test.SovatsLoginPageTest@13deb50e]" name="LoginTestPositive" duration-ms="8342" started-at="2020-03-17T23:27:29 AMT" finished-at="2020-03-17T23:27:37 AMT">
          <reporter-output>
          </reporter-output>
        </test-method> <!-- LoginTestPositive -->
      </class> <!-- am.sovats.pages.login.test.SovatsLoginPageTest -->
    </test> <!-- Login Page -->
  </suite> <!-- Sovats -->
</testng-results>
